2025-06-29 19:16:26,461 - INFO - 程序启动
2025-06-29 19:16:26,469 - INFO - MainUI 初始化开始
2025-06-29 19:16:26,469 - INFO - init_ui 开始
2025-06-29 19:16:26,484 - INFO - init_ui 完成
2025-06-29 19:16:26,484 - INFO - MainUI 初始化完成
2025-06-29 19:16:31,365 - INFO - show_rename_tool 被调用
2025-07-13 09:02:41,459 - INFO - 程序启动
2025-07-13 09:02:41,485 - INFO - MainUI 初始化开始
2025-07-13 09:02:41,485 - INFO - init_ui 开始
2025-07-13 09:02:41,522 - INFO - init_ui 完成
2025-07-13 09:02:41,522 - INFO - MainUI 初始化完成
2025-07-13 09:04:14,404 - INFO - 程序启动
2025-07-13 09:04:14,410 - INFO - MainUI 初始化开始
2025-07-13 09:04:14,410 - INFO - init_ui 开始
2025-07-13 09:04:14,412 - INFO - init_ui 完成
2025-07-13 09:04:14,429 - INFO - MainUI 初始化完成
2025-07-13 09:04:15,725 - INFO - show_encoding_tool 被调用
2025-07-13 09:12:50,107 - INFO - 程序启动
2025-07-13 09:12:50,112 - INFO - MainUI 初始化开始
2025-07-13 09:12:50,112 - INFO - init_ui 开始
2025-07-13 09:12:50,123 - INFO - init_ui 完成
2025-07-13 09:12:50,123 - INFO - MainUI 初始化完成
2025-07-13 09:12:52,612 - INFO - show_encoding_tool 被调用
2025-07-13 09:12:54,817 - INFO - show_rename_tool 被调用
2025-07-13 09:24:49,802 - INFO - 程序启动
2025-07-13 09:24:49,809 - INFO - MainUI 初始化开始
2025-07-13 09:24:49,810 - INFO - init_ui 开始
2025-07-13 09:24:49,817 - INFO - init_ui 完成
2025-07-13 09:24:49,817 - INFO - MainUI 初始化完成
2025-07-13 09:24:58,522 - INFO - show_rename_tool 被调用
2025-07-13 09:28:20,896 - INFO - 程序启动
2025-07-13 09:28:20,904 - INFO - MainUI 初始化开始
2025-07-13 09:28:20,904 - INFO - init_ui 开始
2025-07-13 09:28:20,910 - INFO - init_ui 完成
2025-07-13 09:28:20,911 - INFO - MainUI 初始化完成
2025-07-13 09:28:22,556 - INFO - show_rename_tool 被调用
2025-07-13 09:28:30,683 - INFO - show_encoding_tool 被调用
2025-07-13 09:28:31,292 - INFO - show_rename_tool 被调用
2025-07-13 09:28:32,319 - INFO - show_encoding_tool 被调用
2025-07-13 09:28:37,763 - INFO - show_rename_tool 被调用
2025-07-13 09:28:39,124 - INFO - show_encoding_tool 被调用
2025-07-13 09:31:53,613 - INFO - 程序启动
2025-07-13 09:31:53,620 - INFO - MainUI 初始化开始
2025-07-13 09:31:53,620 - INFO - init_ui 开始
2025-07-13 09:31:53,628 - INFO - init_ui 完成
2025-07-13 09:31:53,629 - INFO - MainUI 初始化完成
2025-07-13 09:31:55,894 - INFO - show_rename_tool 被调用
2025-07-13 09:42:18,252 - INFO - 程序启动
2025-07-13 09:42:18,261 - INFO - MainUI 初始化开始
2025-07-13 09:42:18,261 - INFO - init_ui 开始
2025-07-13 09:42:18,268 - INFO - init_ui 完成
2025-07-13 09:42:18,268 - INFO - MainUI 初始化完成
2025-07-13 09:42:21,265 - INFO - show_rename_tool 被调用
2025-07-13 09:43:17,655 - INFO - close_rename_tool 被调用
2025-07-13 09:43:30,276 - INFO - 程序启动
2025-07-13 09:43:30,284 - INFO - MainUI 初始化开始
2025-07-13 09:43:30,284 - INFO - init_ui 开始
2025-07-13 09:43:32,132 - INFO - init_ui 完成
2025-07-13 09:43:32,132 - INFO - MainUI 初始化完成
2025-07-13 09:43:33,465 - INFO - show_rename_tool 被调用
2025-07-13 09:46:59,697 - INFO - 程序启动
2025-07-13 09:46:59,704 - INFO - MainUI 初始化开始
2025-07-13 09:46:59,704 - INFO - init_ui 开始
2025-07-13 09:47:06,226 - INFO - init_ui 完成
2025-07-13 09:47:06,226 - INFO - MainUI 初始化完成
2025-07-13 09:47:07,481 - INFO - show_rename_tool 被调用
2025-07-13 09:47:18,744 - INFO - 程序启动
2025-07-13 09:47:18,751 - INFO - MainUI 初始化开始
2025-07-13 09:47:18,751 - INFO - init_ui 开始
2025-07-13 09:47:24,325 - INFO - init_ui 完成
2025-07-13 09:47:24,326 - INFO - MainUI 初始化完成
2025-07-13 09:47:26,376 - INFO - show_rename_tool 被调用
2025-07-13 09:47:30,319 - INFO - close_rename_tool 被调用
2025-07-13 09:47:34,715 - INFO - show_rename_tool 被调用
2025-07-13 09:50:45,800 - INFO - 程序启动
2025-07-13 09:50:45,808 - INFO - MainUI 初始化开始
2025-07-13 09:50:45,808 - INFO - init_ui 开始
2025-07-13 09:50:48,450 - INFO - init_ui 完成
2025-07-13 09:50:48,450 - INFO - MainUI 初始化完成
2025-07-13 09:50:49,580 - INFO - show_rename_tool 被调用
2025-07-13 09:51:08,040 - INFO - close_rename_tool 被调用
2025-07-13 09:59:03,145 - INFO - 程序启动
2025-07-13 09:59:03,152 - INFO - MainUI 初始化开始
2025-07-13 09:59:03,152 - INFO - init_ui 开始
2025-07-13 09:59:05,256 - INFO - init_ui 完成
2025-07-13 09:59:05,256 - INFO - MainUI 初始化完成
2025-07-13 09:59:06,392 - INFO - show_rename_tool 被调用
2025-07-13 10:02:17,682 - INFO - 程序启动
2025-07-13 10:02:17,690 - INFO - MainUI 初始化开始
2025-07-13 10:02:17,690 - INFO - init_ui 开始
2025-07-13 10:02:23,184 - INFO - init_ui 完成
2025-07-13 10:02:23,184 - INFO - MainUI 初始化完成
2025-07-13 10:02:25,488 - INFO - show_rename_tool 被调用
2025-07-13 10:02:27,596 - INFO - show_rename_tool 被调用
2025-07-13 10:02:28,160 - INFO - show_encoding_tool 被调用
2025-07-13 10:02:28,966 - INFO - show_rename_tool 被调用
2025-07-13 10:02:33,830 - INFO - show_encoding_tool 被调用
2025-07-13 10:02:34,286 - INFO - show_rename_tool 被调用
2025-07-13 10:02:39,648 - INFO - 程序启动
2025-07-13 10:02:39,655 - INFO - MainUI 初始化开始
2025-07-13 10:02:39,655 - INFO - init_ui 开始
2025-07-13 10:02:40,871 - INFO - init_ui 完成
2025-07-13 10:02:40,872 - INFO - MainUI 初始化完成
2025-07-13 10:02:41,816 - INFO - show_rename_tool 被调用
2025-07-13 10:02:46,799 - INFO - show_encoding_tool 被调用
2025-07-13 10:02:48,013 - INFO - show_rename_tool 被调用
2025-07-13 10:05:04,458 - INFO - 程序启动
2025-07-13 10:05:04,465 - INFO - MainUI 初始化开始
2025-07-13 10:05:04,465 - INFO - init_ui 开始
2025-07-13 10:05:06,771 - INFO - init_ui 完成
2025-07-13 10:05:06,771 - INFO - MainUI 初始化完成
2025-07-13 10:05:07,840 - INFO - show_rename_tool 被调用
2025-07-13 10:05:18,855 - INFO - show_encoding_tool 被调用
2025-07-13 10:05:20,070 - INFO - show_rename_tool 被调用
2025-07-13 10:05:20,856 - INFO - show_encoding_tool 被调用
2025-07-13 10:05:21,326 - INFO - show_rename_tool 被调用
2025-07-13 10:15:41,908 - INFO - 程序启动
2025-07-13 10:15:41,916 - INFO - MainUI 初始化开始
2025-07-13 10:15:41,916 - INFO - init_ui 开始
2025-07-13 10:15:41,923 - INFO - init_ui 完成
2025-07-13 10:15:41,923 - INFO - MainUI 初始化完成
2025-07-13 10:15:43,547 - INFO - show_rename_tool 被调用
2025-07-13 10:18:38,776 - INFO - 程序启动
2025-07-13 10:18:38,786 - INFO - MainUI 初始化开始
2025-07-13 10:18:38,786 - INFO - init_ui 开始
2025-07-13 10:18:38,794 - INFO - init_ui 完成
2025-07-13 10:18:38,794 - INFO - MainUI 初始化完成
2025-07-13 10:19:35,574 - INFO - 程序启动
2025-07-13 10:19:35,581 - INFO - MainUI 初始化开始
2025-07-13 10:19:35,581 - INFO - init_ui 开始
2025-07-13 10:19:35,601 - INFO - init_ui 完成
2025-07-13 10:19:35,601 - INFO - MainUI 初始化完成
2025-07-13 10:19:36,922 - INFO - show_rename_tool 被调用
2025-07-13 10:21:15,372 - INFO - 程序启动
2025-07-13 10:21:15,376 - INFO - MainUI 初始化开始
2025-07-13 10:21:15,376 - INFO - init_ui 开始
2025-07-13 10:21:15,386 - INFO - init_ui 完成
2025-07-13 10:21:15,386 - INFO - MainUI 初始化完成
2025-07-13 10:21:16,899 - INFO - show_rename_tool 被调用
2025-07-13 10:26:50,242 - INFO - 程序启动
2025-07-13 10:26:50,249 - INFO - MainUI 初始化开始
2025-07-13 10:26:50,249 - INFO - init_ui 开始
2025-07-13 10:26:50,257 - INFO - init_ui 完成
2025-07-13 10:26:50,258 - INFO - MainUI 初始化完成
2025-07-13 10:26:51,776 - INFO - show_rename_tool 被调用
2025-07-13 10:27:22,424 - INFO - 程序启动
2025-07-13 10:27:22,431 - INFO - MainUI 初始化开始
2025-07-13 10:27:22,431 - INFO - init_ui 开始
2025-07-13 10:27:22,439 - INFO - init_ui 完成
2025-07-13 10:27:22,440 - INFO - MainUI 初始化完成
2025-07-13 10:27:23,721 - INFO - show_rename_tool 被调用
2025-07-13 10:27:56,724 - INFO - 程序启动
2025-07-13 10:27:56,732 - INFO - MainUI 初始化开始
2025-07-13 10:27:56,732 - INFO - init_ui 开始
2025-07-13 10:27:56,740 - INFO - init_ui 完成
2025-07-13 10:27:56,740 - INFO - MainUI 初始化完成
2025-07-13 10:28:01,308 - INFO - show_rename_tool 被调用
2025-07-13 10:28:16,165 - INFO - 程序启动
2025-07-13 10:28:16,173 - INFO - MainUI 初始化开始
2025-07-13 10:28:16,173 - INFO - init_ui 开始
2025-07-13 10:28:18,295 - INFO - init_ui 完成
2025-07-13 10:28:18,295 - INFO - MainUI 初始化完成
2025-07-13 10:28:19,268 - INFO - show_rename_tool 被调用
2025-07-13 10:32:13,636 - INFO - 程序启动
2025-07-13 10:32:13,644 - INFO - MainUI 初始化开始
2025-07-13 10:32:13,644 - INFO - init_ui 开始
2025-07-13 10:32:13,831 - INFO - init_ui 完成
2025-07-13 10:32:13,831 - INFO - MainUI 初始化完成
2025-07-13 10:32:15,822 - INFO - show_rename_tool 被调用
2025-07-13 10:36:40,175 - INFO - 程序启动
2025-07-13 10:36:40,182 - INFO - MainUI 初始化开始
2025-07-13 10:36:40,182 - INFO - init_ui 开始
2025-07-13 10:36:40,389 - INFO - init_ui 完成
2025-07-13 10:36:40,389 - INFO - MainUI 初始化完成
2025-07-13 10:36:41,593 - INFO - show_rename_tool 被调用
2025-07-13 10:36:54,789 - INFO - hide_rename_tool 被调用
2025-07-13 10:36:55,719 - INFO - show_rename_tool 被调用
2025-07-13 10:37:08,732 - INFO - 程序启动
2025-07-13 10:37:08,739 - INFO - MainUI 初始化开始
2025-07-13 10:37:08,739 - INFO - init_ui 开始
2025-07-13 10:37:08,935 - INFO - init_ui 完成
2025-07-13 10:37:08,935 - INFO - MainUI 初始化完成
2025-07-13 10:37:10,028 - INFO - show_rename_tool 被调用
2025-07-13 10:37:30,413 - INFO - 程序启动
2025-07-13 10:37:30,421 - INFO - MainUI 初始化开始
2025-07-13 10:37:30,421 - INFO - init_ui 开始
2025-07-13 10:37:30,621 - INFO - init_ui 完成
2025-07-13 10:37:30,621 - INFO - MainUI 初始化完成
2025-07-13 10:37:31,860 - INFO - show_rename_tool 被调用
2025-07-13 10:43:57,275 - INFO - 程序启动
2025-07-13 10:43:57,282 - INFO - MainUI 初始化开始
2025-07-13 10:43:57,282 - INFO - init_ui 开始
2025-07-13 10:43:57,497 - INFO - init_ui 完成
2025-07-13 10:43:57,497 - INFO - MainUI 初始化完成
2025-07-13 10:44:01,526 - INFO - show_rename_tool 被调用
2025-07-13 10:44:43,235 - INFO - 程序启动
2025-07-13 10:44:43,243 - INFO - MainUI 初始化开始
2025-07-13 10:44:43,243 - INFO - init_ui 开始
2025-07-13 10:44:43,461 - INFO - init_ui 完成
2025-07-13 10:44:43,461 - INFO - MainUI 初始化完成
2025-07-13 10:44:44,851 - INFO - show_rename_tool 被调用
2025-07-13 10:45:35,101 - INFO - 程序启动
2025-07-13 10:45:35,108 - INFO - MainUI 初始化开始
2025-07-13 10:45:35,108 - INFO - init_ui 开始
2025-07-13 10:45:35,344 - INFO - init_ui 完成
2025-07-13 10:45:35,345 - INFO - MainUI 初始化完成
2025-07-13 10:45:36,391 - INFO - show_rename_tool 被调用
2025-07-13 10:46:13,909 - INFO - 程序启动
2025-07-13 10:46:13,915 - INFO - MainUI 初始化开始
2025-07-13 10:46:13,917 - INFO - init_ui 开始
2025-07-13 10:46:14,122 - INFO - init_ui 完成
2025-07-13 10:46:14,122 - INFO - MainUI 初始化完成
2025-07-13 10:46:15,231 - INFO - show_rename_tool 被调用
2025-07-13 10:50:24,805 - INFO - 程序启动
2025-07-13 10:50:24,813 - INFO - MainUI 初始化开始
2025-07-13 10:50:24,813 - INFO - init_ui 开始
2025-07-13 10:50:25,035 - INFO - init_ui 完成
2025-07-13 10:50:25,035 - INFO - MainUI 初始化完成
2025-07-13 10:50:26,207 - INFO - show_encoding_tool 被调用
2025-07-13 10:52:46,304 - INFO - 程序启动
2025-07-13 10:52:46,312 - INFO - MainUI 初始化开始
2025-07-13 10:52:46,312 - INFO - init_ui 开始
2025-07-13 10:52:46,510 - INFO - init_ui 完成
2025-07-13 10:52:46,510 - INFO - MainUI 初始化完成
2025-07-13 10:52:47,681 - INFO - show_encoding_tool 被调用
2025-07-13 10:52:53,854 - INFO - hide_encoding_tool 被调用
2025-07-13 10:52:54,544 - INFO - show_rename_tool 被调用
2025-07-13 10:52:55,129 - INFO - show_encoding_tool 被调用
2025-07-13 10:53:02,180 - INFO - 程序启动
2025-07-13 10:53:02,188 - INFO - MainUI 初始化开始
2025-07-13 10:53:02,188 - INFO - init_ui 开始
2025-07-13 10:53:05,928 - INFO - init_ui 完成
2025-07-13 10:53:05,928 - INFO - MainUI 初始化完成
2025-07-13 10:56:15,158 - INFO - 程序启动
2025-07-13 10:56:15,164 - INFO - MainUI 初始化开始
2025-07-13 10:56:15,164 - INFO - init_ui 开始
2025-07-13 10:56:15,390 - INFO - init_ui 完成
2025-07-13 10:56:15,390 - INFO - MainUI 初始化完成
2025-07-13 10:56:16,536 - INFO - show_encoding_tool 被调用
2025-07-13 10:56:21,493 - INFO - show_rename_tool 被调用
2025-07-13 10:56:22,905 - INFO - show_encoding_tool 被调用
